<?xml version="1.0" encoding="UTF-8"?>
<!-- Generated by org.testng.reporters.JUnitXMLReporter -->
<testsuite ignored="4" hostname="DELTADESIGNS" failures="0" tests="2" name="orangedemoTests" time="22.042" errors="0" timestamp="2021-05-29T22:44:24 IST">
  <testcase classname="com.orange.test.LoginPageTest" name="LoginHEM" time="12.445"/>
  <testcase classname="com.orange.test.LoginPageTest" name="LogoutHRM" time="9.535"/>
  <testcase classname="com.orange.test.LoginPageTest" name="FooterVlidation" time="0.0">
    <ignored/>
  </testcase> <!-- FooterVlidation -->
  <testcase classname="com.orange.test.LoginPageTest" name="createAccountValidation" time="0.0">
    <ignored/>
  </testcase> <!-- createAccountValidation -->
  <testcase classname="com.orange.test.LoginPageTest" name="loginAccountValidation" time="0.0">
    <ignored/>
  </testcase> <!-- loginAccountValidation -->
  <testcase classname="com.orange.test.LoginPageTest" name="orangeEmptyLoginValdation" time="0.0">
    <ignored/>
  </testcase> <!-- orangeEmptyLoginValdation -->
</testsuite> <!-- orangedemoTests -->
