<?xml version="1.0" encoding="UTF-8"?>
<!-- Generated by org.testng.reporters.JUnitXMLReporter -->
<testsuite hostname="MSURI-L-1576" ignored="0" name="BrandPageTest" tests="4" failures="0" timestamp="11 Feb 2020 15:02:19 GMT" time="125.456" errors="0">
  <testcase name="validationOfBrandsCountAndImages" time="33.027" classname="com.ecommerce.redlion.test.BrandsPageTests"/>
  <testcase name="validateBrandCardDetails" time="11.532" classname="com.ecommerce.redlion.test.BrandsPageTests"/>
  <testcase name="validationEachBrandCardDetails" time="29.69" classname="com.ecommerce.redlion.test.BrandsPageTests"/>
  <testcase name="validationOfBrandWebSite_Hotelrl" time="39.968" classname="com.ecommerce.redlion.test.BrandsPageTests"/>
</testsuite> <!-- BrandPageTest -->
