<?xml version="1.0" encoding="UTF-8"?>
<!-- Generated by org.testng.reporters.JUnitXMLReporter -->
<testsuite hostname="MSURI-L-1576" ignored="0" name="BrandsPageTest" tests="4" failures="0" timestamp="11 Mar 2020 10:11:52 GMT" time="311.712" errors="0">
  <testcase name="validationOfBrandsCountAndImages" time="20.156" classname="com.ecommerce.redlion.test.BrandsPageTests"/>
  <testcase name="validateBrandCardDetails" time="31.131" classname="com.ecommerce.redlion.test.BrandsPageTests"/>
  <testcase name="validationEachBrandCardDetails" time="232.981" classname="com.ecommerce.redlion.test.BrandsPageTests"/>
  <testcase name="validationOfBrandWebSite_Hotelrl" time="15.37" classname="com.ecommerce.redlion.test.BrandsPageTests"/>
</testsuite> <!-- BrandsPageTest -->
