<?xml version="1.0" encoding="UTF-8"?>
<!-- Generated by org.testng.reporters.JUnitXMLReporter -->
<testsuite hostname="MSURI-L-1576" ignored="0" name="CheckOutPageTest" tests="6" failures="0" timestamp="19 Feb 2020 11:26:19 GMT" time="345.487" errors="0">
  <testcase name="checkoutPagePintopDetailsValdation" time="95.406" classname="com.ecommerce.redlion.test.CheckOutPageTest"/>
  <testcase name="checkoutPagePintopModifyButtonValdation" time="34.844" classname="com.ecommerce.redlion.test.CheckOutPageTest"/>
  <testcase name="checkoutAddAnotherRoomValdation" time="12.839" classname="com.ecommerce.redlion.test.CheckOutPageTest"/>
  <testcase name="cardsDetailsValdation" time="54.5" classname="com.ecommerce.redlion.test.CheckOutPageTest"/>
  <testcase name="optionsAndupdateRoomValdation" time="115.945" classname="com.ecommerce.redlion.test.CheckOutPageTest"/>
  <testcase name="promoCodeValdation" time="20.301" classname="com.ecommerce.redlion.test.CheckOutPageTest"/>
</testsuite> <!-- CheckOutPageTest -->
