<?xml version="1.0" encoding="UTF-8"?>
<!-- Generated by org.testng.reporters.JUnitXMLReporter -->
<testsuite hostname="MSURI-L-1576" ignored="0" name="ConfirmationPageTest" tests="2" failures="0" timestamp="19 Feb 2020 10:55:48 GMT" time="236.485" errors="0">
  <testcase name="confirmationPageDetailsValdation" time="186.276" classname="com.ecommerce.redlion.test.ConfirmationPageTest"/>
  <testcase name="checkoutPagePintopModifyButtonValdation" time="37.203" classname="com.ecommerce.redlion.test.ConfirmationPageTest"/>
</testsuite> <!-- ConfirmationPageTest -->
