<?xml version="1.0" encoding="UTF-8"?>
<!-- Generated by org.testng.reporters.JUnitXMLReporter -->
<testsuite hostname="MSURI-L-1576" ignored="0" name="ContactPageTest" tests="3" failures="0" timestamp="11 Mar 2020 10:10:23 GMT" time="115.693" errors="0">
  <testcase name="validationOfContactPage_Routing_ChatButton" time="32.629" classname="com.ecommerce.redlion.test.ContactPageTests"/>
  <testcase name="validationOfContactPage_InvalidEmailFormSubmission" time="16.538" classname="com.ecommerce.redlion.test.ContactPageTests"/>
  <testcase name="validationOfContactPage_validEmailFormSubmission" time="58.94" classname="com.ecommerce.redlion.test.ContactPageTests"/>
</testsuite> <!-- ContactPageTest -->
