<?xml version="1.0" encoding="UTF-8"?>
<!-- Generated by org.testng.reporters.JUnitXMLReporter -->
<testsuite hostname="MSURI-L-1576" ignored="2" name="ecommerce.redlionLogin" tests="1" failures="0" timestamp="11 Feb 2020 14:46:56 GMT" time="65.533" errors="0">
  <testcase name="validationOfPricesFilterHotelLocationPage" time="54.886" classname="com.ecommerce.redlion.test.HotelLocationsPageTest"/>
  <testcase name="validationOfRoomType" time="0.0" classname="com.ecommerce.redlion.test.HotelLocationsPageTest">
    <ignored/>
  </testcase> <!-- validationOfRoomType -->
  <testcase name="validationOfMilesFilterHotelLocationPage" time="0.0" classname="com.ecommerce.redlion.test.HotelLocationsPageTest">
    <ignored/>
  </testcase> <!-- validationOfMilesFilterHotelLocationPage -->
</testsuite> <!-- ecommerce.redlionLogin -->
