<?xml version="1.0" encoding="UTF-8"?>
<!-- Generated by org.testng.reporters.JUnitXMLReporter -->
<testsuite hostname="MSURI-L-1576" ignored="0" name="HomePageTest" tests="14" failures="0" timestamp="11 Mar 2020 10:18:26 GMT" time="393.901" errors="0">
  <testcase name="homePageHeaderTabsValdation" time="10.147" classname="com.ecommerce.redlion.test.HomePageTest"/>
  <testcase name="homePagePromotionalCardsValdation" time="10.253" classname="com.ecommerce.redlion.test.HomePageTest"/>
  <testcase name="homePageHelloRewardsValdation" time="11.182" classname="com.ecommerce.redlion.test.HomePageTest"/>
  <testcase name="homePgHelloRdsValdationWithBlankFlds" time="6.424" classname="com.ecommerce.redlion.test.HomePageTest"/>
  <testcase name="homePgHelloRdsValdationWithInvalidData" time="12.49" classname="com.ecommerce.redlion.test.HomePageTest"/>
  <testcase name="homePage_HelloRewardsLoginWithValidDataValdation" time="23.863" classname="com.ecommerce.redlion.test.HomePageTest"/>
  <testcase name="homePageFooterValdation" time="188.754" classname="com.ecommerce.redlion.test.HomePageTest"/>
  <testcase name="homePageSearchBarValdation" time="0.883" classname="com.ecommerce.redlion.test.HomePageTest"/>
  <testcase name="homePageLocationSearchValdation" time="6.957" classname="com.ecommerce.redlion.test.HomePageTest"/>
  <testcase name="homePageEachLocationSearchValdation" time="35.356" classname="com.ecommerce.redlion.test.HomePageTest"/>
  <testcase name="homePageCalenderValdation" time="18.06" classname="com.ecommerce.redlion.test.HomePageTest"/>
  <testcase name="homePageRoomsOccupancyValdation" time="26.735" classname="com.ecommerce.redlion.test.HomePageTest"/>
  <testcase name="homePage_DiscountsValdation" time="24.846" classname="com.ecommerce.redlion.test.HomePageTest"/>
  <testcase name="homePage_UseCurrentLocationValdation" time="9.979" classname="com.ecommerce.redlion.test.HomePageTest"/>
</testsuite> <!-- HomePageTest -->
