<?xml version="1.0" encoding="UTF-8"?>
<!-- Generated by org.testng.reporters.JUnitXMLReporter -->
<testsuite hostname="SPARAVAS-L-1362" ignored="0" name="HotelocationsTest" tests="3" failures="0" timestamp="19 Feb 2020 10:36:36 GMT" time="71.073" errors="0">
  <testcase name="validationOfRoomType" time="24.007" classname="com.ecommerce.redlion.test.HotelLocationsPageTest"/>
  <testcase name="validationOfMilesFilterHotelLocationPage" time="19.175" classname="com.ecommerce.redlion.test.HotelLocationsPageTest"/>
  <testcase name="validationOfPricesFilterHotelLocationPage" time="16.786" classname="com.ecommerce.redlion.test.HotelLocationsPageTest"/>
</testsuite> <!-- HotelocationsTest -->
