<?xml version="1.0" encoding="UTF-8"?>
<!-- Generated by org.testng.reporters.JUnitXMLReporter -->
<testsuite hostname="MSURI-L-1576" ignored="0" name="HotelLocationsTest" tests="3" failures="0" timestamp="19 Feb 2020 11:19:43 GMT" time="138.859" errors="0">
  <testcase name="validationOfRoomType" time="30.717" classname="com.ecommerce.redlion.test.HotelLocationsPageTest"/>
  <testcase name="validationOfMilesFilterHotelLocationPage" time="48.605" classname="com.ecommerce.redlion.test.HotelLocationsPageTest"/>
  <testcase name="validationOfPricesFilterHotelLocationPage" time="47.575" classname="com.ecommerce.redlion.test.HotelLocationsPageTest"/>
</testsuite> <!-- HotelLocationsTest -->
