<?xml version="1.0" encoding="UTF-8"?>
<!-- Generated by org.testng.reporters.JUnitXMLReporter -->
<testsuite hostname="MSURI-L-1576" ignored="0" name="LocationPageTest" tests="4" failures="0" timestamp="11 Mar 2020 10:22:01 GMT" time="248.721" errors="0">
  <testcase name="validationOfRoomType" time="171.464" classname="com.ecommerce.redlion.test.HotelLocationsPageTest"/>
  <testcase name="validationOfMilesFilterHotelLocationPage" time="26.384" classname="com.ecommerce.redlion.test.HotelLocationsPageTest"/>
  <testcase name="validationOfPricesFilterHotelLocationPage" time="16.47" classname="com.ecommerce.redlion.test.HotelLocationsPageTest"/>
  <testcase name="validationOfMapView" time="27.33" classname="com.ecommerce.redlion.test.HotelLocationsPageTest"/>
</testsuite> <!-- LocationPageTest -->
