<?xml version="1.0" encoding="UTF-8"?>
<!-- Generated by org.testng.reporters.JUnitXMLReporter -->
<testsuite hostname="MSURI-L-1576" ignored="0" name="MeetingsAndEventsPageTest" tests="2" failures="0" timestamp="19 Feb 2020 11:17:24 GMT" time="39.479" errors="0">
  <testcase name="validationMeetingsAndEvents" time="8.533" classname="com.ecommerce.redlion.test.MeetingsAndEventsPageTest"/>
  <testcase name="validationOfCallUsAndEmail" time="18.684" classname="com.ecommerce.redlion.test.MeetingsAndEventsPageTest"/>
</testsuite> <!-- MeetingsAndEventsPageTest -->
