<?xml version="1.0" encoding="UTF-8"?>
<!-- Generated by org.testng.reporters.JUnitXMLReporter -->
<testsuite hostname="MSURI-L-1576" ignored="0" name="MeetingsPageTest" tests="2" failures="0" timestamp="11 Mar 2020 10:11:51 GMT" time="88.072" errors="0">
  <testcase name="validationMeetingsAndEvents" time="68.018" classname="com.ecommerce.redlion.test.MeetingsAndEventsPageTest"/>
  <testcase name="validationOfCallUsAndEmail" time="12.65" classname="com.ecommerce.redlion.test.MeetingsAndEventsPageTest"/>
</testsuite> <!-- MeetingsPageTest -->
