<?xml version="1.0" encoding="UTF-8"?>
<!-- Generated by org.testng.reporters.JUnitXMLReporter -->
<testsuite hostname="MSURI-L-1576" ignored="0" name="MeetingsAndEventsTest" tests="2" failures="0" timestamp="11 Feb 2020 15:01:42 GMT" time="89.094" errors="0">
  <testcase name="validationMeetingsAndEvents" time="38.944" classname="com.ecommerce.redlion.test.MeetingsAndEventsPageTest"/>
  <testcase name="validationOfCallUsAndEmail" time="38.603" classname="com.ecommerce.redlion.test.MeetingsAndEventsPageTest"/>
</testsuite> <!-- MeetingsAndEventsTest -->
