<?xml version="1.0" encoding="UTF-8"?>
<!-- Generated by org.testng.reporters.JUnitXMLReporter -->
<testsuite hostname="SPARAVAS-L-1362" ignored="7" name="ProfilePageTest" tests="2" failures="0" timestamp="24 Feb 2020 15:01:15 GMT" time="155.736" errors="0">
  <testcase name="validationOfProfilePageDetails" time="71.289" classname="com.ecommerce.redlion.test.ProfilePageTests"/>
  <testcase name="validationOfProfilePage_UpdatingUserDetails" time="74.003" classname="com.ecommerce.redlion.test.ProfilePageTests"/>
  <testcase name="validationOfProfilePage_AccountSettings_ManagePaymentMethods" time="0.0" classname="com.ecommerce.redlion.test.ProfilePageTests">
    <ignored/>
  </testcase> <!-- validationOfProfilePage_AccountSettings_ManagePaymentMethods -->
  <testcase name="validationOfProfilePage_UpdatingCommunicationPreferences" time="0.0" classname="com.ecommerce.redlion.test.ProfilePageTests">
    <ignored/>
  </testcase> <!-- validationOfProfilePage_UpdatingCommunicationPreferences -->
  <testcase name="validationOfDeletionOfCreditCard_ManagePaymentPopUp" time="0.0" classname="com.ecommerce.redlion.test.ProfilePageTests">
    <ignored/>
  </testcase> <!-- validationOfDeletionOfCreditCard_ManagePaymentPopUp -->
  <testcase name="validationOfCreditCardAddition_InvalidData" time="0.0" classname="com.ecommerce.redlion.test.ProfilePageTests">
    <ignored/>
  </testcase> <!-- validationOfCreditCardAddition_InvalidData -->
  <testcase name="validationOfMasterPass" time="0.0" classname="com.ecommerce.redlion.test.ProfilePageTests">
    <ignored/>
  </testcase> <!-- validationOfMasterPass -->
  <testcase name="validationOfAdditionOfCreditCard_ManagePaymentPopUp" time="0.0" classname="com.ecommerce.redlion.test.ProfilePageTests">
    <ignored/>
  </testcase> <!-- validationOfAdditionOfCreditCard_ManagePaymentPopUp -->
  <testcase name="validationOfCreditCardAddition_ValidData" time="0.0" classname="com.ecommerce.redlion.test.ProfilePageTests">
    <ignored/>
  </testcase> <!-- validationOfCreditCardAddition_ValidData -->
</testsuite> <!-- ProfilePageTest -->
