<?xml version="1.0" encoding="UTF-8"?>
<!-- Generated by org.testng.reporters.JUnitXMLReporter -->
<testsuite hostname="MSURI-L-1576" ignored="5" name="ProprtyPageTest" tests="1" failures="0" timestamp="19 Feb 2020 11:20:34 GMT" time="50.943" errors="0">
  <testcase name="validationOfRoomType" time="39.583" classname="com.ecommerce.redlion.test.PropertyPageTest"/>
  <testcase name="validationOfPackagesTabsPropertyPage" time="0.0" classname="com.ecommerce.redlion.test.PropertyPageTest">
    <ignored/>
  </testcase> <!-- validationOfPackagesTabsPropertyPage -->
  <testcase name="validationOfRoomTypesTabsPropertyPage" time="0.0" classname="com.ecommerce.redlion.test.PropertyPageTest">
    <ignored/>
  </testcase> <!-- validationOfRoomTypesTabsPropertyPage -->
  <testcase name="validationOfContactTabsPropertyPage" time="0.0" classname="com.ecommerce.redlion.test.PropertyPageTest">
    <ignored/>
  </testcase> <!-- validationOfContactTabsPropertyPage -->
  <testcase name="validationOfNavigationTabsPropertyPage" time="0.0" classname="com.ecommerce.redlion.test.PropertyPageTest">
    <ignored/>
  </testcase> <!-- validationOfNavigationTabsPropertyPage -->
  <testcase name="validationOfAmenitiesTabsPropertyPage" time="0.0" classname="com.ecommerce.redlion.test.PropertyPageTest">
    <ignored/>
  </testcase> <!-- validationOfAmenitiesTabsPropertyPage -->
</testsuite> <!-- ProprtyPageTest -->
