<?xml version="1.0" encoding="UTF-8"?>
<!-- Generated by org.testng.reporters.JUnitXMLReporter -->
<testsuite hostname="MSURI-L-1576" ignored="0" name="Reservations" tests="8" failures="0" timestamp="19 Feb 2020 11:34:11 GMT" time="2302.866" errors="0">
  <testcase name="@AfterClass quitDriver" time="0.253" classname="com.ecommerce.redlion.helpers.BaseLibrary">
    <failure type="org.openqa.selenium.WebDriverException" message="chrome not reachable
  (Session info: chrome=79.0.3945.130)
Build info: version: &amp;apos;3.141.5&amp;apos;, revision: &amp;apos;d54ebd709a&amp;apos;, time: &amp;apos;2018-11-06T11:42:16&amp;apos;
System info: host: &amp;apos;MSURI-L-1576&amp;apos;, ip: &amp;apos;192.168.2.144&amp;apos;, os.name: &amp;apos;Windows 10&amp;apos;, os.arch: &amp;apos;amd64&amp;apos;, os.version: &amp;apos;10.0&amp;apos;, java.version: &amp;apos;1.8.0_241&amp;apos;
Driver info: org.openqa.selenium.chrome.ChromeDriver
Capabilities {acceptInsecureCerts: false, browserName: chrome, browserVersion: 79.0.3945.130, chrome: {chromedriverVersion: 79.0.3945.36 (3582db32b3389..., userDataDir: C:\Users\msuri\AppData\Loca...}, goog:chromeOptions: {debuggerAddress: localhost:55537}, javascriptEnabled: true, networkConnectionEnabled: false, pageLoadStrategy: normal, platform: WINDOWS, platformName: WINDOWS, proxy: Proxy(), setWindowRect: true, strictFileInteractability: false, timeouts: {implicit: 0, pageLoad: 300000, script: 30000}, unhandledPromptBehavior: dismiss and notify}
Session ID: 100d1930ec73db5bf6b114e1512e54f8">
      <![CDATA[org.openqa.selenium.WebDriverException: chrome not reachable
  (Session info: chrome=79.0.3945.130)
Build info: version: '3.141.5', revision: 'd54ebd709a', time: '2018-11-06T11:42:16'
System info: host: 'MSURI-L-1576', ip: '192.168.2.144', os.name: 'Windows 10', os.arch: 'amd64', os.version: '10.0', java.version: '1.8.0_241'
Driver info: org.openqa.selenium.chrome.ChromeDriver
Capabilities {acceptInsecureCerts: false, browserName: chrome, browserVersion: 79.0.3945.130, chrome: {chromedriverVersion: 79.0.3945.36 (3582db32b3389..., userDataDir: C:\Users\msuri\AppData\Loca...}, goog:chromeOptions: {debuggerAddress: localhost:55537}, javascriptEnabled: true, networkConnectionEnabled: false, pageLoadStrategy: normal, platform: WINDOWS, platformName: WINDOWS, proxy: Proxy(), setWindowRect: true, strictFileInteractability: false, timeouts: {implicit: 0, pageLoad: 300000, script: 30000}, unhandledPromptBehavior: dismiss and notify}
Session ID: 100d1930ec73db5bf6b114e1512e54f8
at org.openqa.selenium.remote.http.W3CHttpResponseCodec.createException(W3CHttpResponseCodec.java:187)
at org.openqa.selenium.remote.http.W3CHttpResponseCodec.decode(W3CHttpResponseCodec.java:122)
at org.openqa.selenium.remote.http.W3CHttpResponseCodec.decode(W3CHttpResponseCodec.java:49)
at org.openqa.selenium.remote.HttpCommandExecutor.execute(HttpCommandExecutor.java:158)
at org.openqa.selenium.remote.service.DriverCommandExecutor.execute(DriverCommandExecutor.java:83)
at org.openqa.selenium.remote.RemoteWebDriver.execute(RemoteWebDriver.java:552)
at org.openqa.selenium.remote.RemoteWebDriver.execute(RemoteWebDriver.java:609)
at org.openqa.selenium.remote.RemoteWebDriver.close(RemoteWebDriver.java:442)
at com.ecommerce.redlion.helpers.BaseLibrary.quitDriver(BaseLibrary.java:148)
... Removed 30 stack frames]]>
    </failure>
  </testcase> <!-- @AfterClass quitDriver -->
  <testcase name="guestUserHotelBookingWith1Room1Guest1Night" time="199.116" classname="com.ecommerce.redlion.test.Reservations"/>
  <testcase name="guestUserHotelBookingFromPinTopWith1Room1Guest1Night" time="230.937" classname="com.ecommerce.redlion.test.Reservations"/>
  <testcase name="guestUserHotelBookingWithPromocode" time="279.925" classname="com.ecommerce.redlion.test.Reservations"/>
  <testcase name="guestUserHotelBookingWithMembership" time="350.574" classname="com.ecommerce.redlion.test.Reservations"/>
  <testcase name="existingUserHotelBookingWithOutHelloBucks" time="223.24" classname="com.ecommerce.redlion.test.Reservations"/>
  <testcase name="existingUserHotelBookingWithHelloBucks" time="351.121" classname="com.ecommerce.redlion.test.Reservations"/>
  <testcase name="existingUserHotelBookingMultipleRooms" time="517.539" classname="com.ecommerce.redlion.test.Reservations"/>
  <testcase name="reservationStatus" time="142.514" classname="com.ecommerce.redlion.test.Reservations"/>
</testsuite> <!-- Reservations -->
