<?xml version="1.0" encoding="UTF-8"?>
<!-- Generated by org.testng.reporters.JUnitXMLReporter -->
<testsuite hostname="MSURI-L-1576" ignored="1" name="RewardsSignUpPageTest" tests="2" failures="0" timestamp="11 Mar 2020 10:14:12 GMT" time="111.504" errors="0">
  <testcase name="validationOfRewardsSignUpPage_Form_InvalidData" time="83.367" classname="com.ecommerce.redlion.test.RewardsSignUpTests"/>
  <testcase name="validationOfRewardsSignUpPage_Form_ExistingUserData" time="21.193" classname="com.ecommerce.redlion.test.RewardsSignUpTests"/>
  <testcase name="validationOfRewardsSignUpPage_Form_NewUserData" time="0.0" classname="com.ecommerce.redlion.test.RewardsSignUpTests">
    <ignored/>
  </testcase> <!-- validationOfRewardsSignUpPage_Form_NewUserData -->
</testsuite> <!-- RewardsSignUpPageTest -->
