<?xml version="1.0" encoding="UTF-8"?>
<!-- Generated by org.testng.reporters.JUnitXMLReporter -->
<testsuite hostname="MSURI-L-1576" ignored="0" name="SupportPageTest" tests="7" failures="0" timestamp="11 Mar 2020 10:20:23 GMT" time="823.11" errors="0">
  <testcase name="validationOfSupportPage_HowMayweHelpSearch" time="38.948" classname="com.ecommerce.redlion.test.SupportPageTests"/>
  <testcase name="validationOfSupportPage_CategoriesUnderFAQ" time="235.293" classname="com.ecommerce.redlion.test.SupportPageTests"/>
  <testcase name="validationOfSupportPage_BrowseByTopicList" time="419.962" classname="com.ecommerce.redlion.test.SupportPageTests"/>
  <testcase name="validationOfSupportPage_FindAPropertySearch_InValidDetails" time="20.99" classname="com.ecommerce.redlion.test.SupportPageTests"/>
  <testcase name="validationOfSupportPage_FindAPropertySearch_ValidDetails" time="32.816" classname="com.ecommerce.redlion.test.SupportPageTests"/>
  <testcase name="validationOfSupportPage_FindAPropertySearch_ChangeLocation" time="40.431" classname="com.ecommerce.redlion.test.SupportPageTests"/>
  <testcase name="verifySupportPage_NeedAdditionalHelpButtonsNavigation" time="21.46" classname="com.ecommerce.redlion.test.SupportPageTests"/>
</testsuite> <!-- SupportPageTest -->
