<?xml version="1.0" encoding="UTF-8"?>
<!-- Generated by org.testng.reporters.JUnitXMLReporter -->
<testsuite hostname="MSURI-L-1576" ignored="0" name="WthOutHellobucks" tests="1" failures="0" timestamp="19 Feb 2020 10:33:18 GMT" time="0.016" errors="0">
  <testcase name="@BeforeClass setDriver" time="0.0" classname="com.ecommerce.redlion.helpers.BaseLibrary">
    <failure type="org.testng.TestNGException" message="
Parameter &amp;apos;url&amp;apos; is required by BeforeClass on method setDriver but has not been marked @Optional or defined
in C:\Users\msuri\RLH_Jan31_2020\eCommerce_RLH\Redlion.xml">
      <![CDATA[org.testng.TestNGException: 
Parameter 'url' is required by BeforeClass on method setDriver but has not been marked @Optional or defined
in C:\Users\msuri\RLH_Jan31_2020\eCommerce_RLH\Redlion.xml
at java.util.concurrent.FutureTask.run(Unknown Source)
at java.util.concurrent.ThreadPoolExecutor.runWorker(Unknown Source)
at java.util.concurrent.ThreadPoolExecutor$Worker.run(Unknown Source)
at java.lang.Thread.run(Unknown Source)
... Removed 14 stack frames]]>
    </failure>
  </testcase> <!-- @BeforeClass setDriver -->
  <testcase name="@AfterClass quitDriver" time="0.0" classname="com.ecommerce.redlion.helpers.BaseLibrary">
    <failure type="java.lang.NullPointerException">
      <![CDATA[java.lang.NullPointerException
at com.ecommerce.redlion.helpers.BaseLibrary.quitDriver(BaseLibrary.java:146)
at java.util.concurrent.FutureTask.run(Unknown Source)
at java.util.concurrent.ThreadPoolExecutor.runWorker(Unknown Source)
at java.util.concurrent.ThreadPoolExecutor$Worker.run(Unknown Source)
at java.lang.Thread.run(Unknown Source)
... Removed 16 stack frames]]>
    </failure>
  </testcase> <!-- @AfterClass quitDriver -->
  <testcase name="existingUserHotelBookingWithOutHelloBucks" time="0.0" classname="com.ecommerce.redlion.test.WithOutHelloBucks">
    <skipped/>
  </testcase> <!-- existingUserHotelBookingWithOutHelloBucks -->
</testsuite> <!-- WthOutHellobucks -->
