<?xml version="1.0" encoding="UTF-8"?>
<testng-results ignored="4" total="6" passed="2" failed="0" skipped="0">
  <reporter-output>
  </reporter-output>
  <suite started-at="2021-05-29T22:44:02 IST" name="eCommerce_.com" finished-at="2021-05-29T22:44:24 IST" duration-ms="22042">
    <groups>
    </groups>
    <test started-at="2021-05-29T22:44:02 IST" name="orangedemoTests" finished-at="2021-05-29T22:44:24 IST" duration-ms="22042">
      <class name="com.orange.test.LoginPageTest">
        <test-method is-config="true" signature="getInstance()[pri:0, instance:com.orange.test.LoginPageTest@6a0094c9]" started-at="2021-05-29T22:43:52 IST" name="getInstance" finished-at="2021-05-29T22:43:52 IST" duration-ms="310" status="PASS">
          <reporter-output>
          </reporter-output>
        </test-method> <!-- getInstance -->
        <test-method is-config="true" signature="startReportAndDriver()[pri:0, instance:com.orange.test.LoginPageTest@6a0094c9]" started-at="2021-05-29T22:43:52 IST" name="startReportAndDriver" finished-at="2021-05-29T22:44:02 IST" depends-on-methods="com.orange.helpers.BaseLibrary.getInstance" duration-ms="10174" status="PASS">
          <reporter-output>
          </reporter-output>
        </test-method> <!-- startReportAndDriver -->
        <test-method signature="LoginHEM()[pri:5, instance:com.orange.test.LoginPageTest@6a0094c9]" started-at="2021-05-29T22:44:02 IST" name="LoginHEM" finished-at="2021-05-29T22:44:15 IST" duration-ms="12445" status="PASS">
          <reporter-output>
          </reporter-output>
        </test-method> <!-- LoginHEM -->
        <test-method signature="LogoutHRM()[pri:6, instance:com.orange.test.LoginPageTest@6a0094c9]" started-at="2021-05-29T22:44:15 IST" name="LogoutHRM" finished-at="2021-05-29T22:44:24 IST" duration-ms="9535" status="PASS">
          <reporter-output>
          </reporter-output>
        </test-method> <!-- LogoutHRM -->
        <test-method is-config="true" signature="closetest()[pri:0, instance:com.orange.test.LoginPageTest@6a0094c9]" started-at="2021-05-29T22:44:24 IST" name="closetest" finished-at="2021-05-29T22:44:24 IST" duration-ms="5" status="PASS">
          <reporter-output>
          </reporter-output>
        </test-method> <!-- closetest -->
        <test-method is-config="true" signature="quitDriver()[pri:0, instance:com.orange.test.LoginPageTest@6a0094c9]" started-at="2021-05-29T22:44:24 IST" name="quitDriver" finished-at="2021-05-29T22:44:26 IST" duration-ms="1707" status="PASS">
          <reporter-output>
          </reporter-output>
        </test-method> <!-- quitDriver -->
      </class> <!-- com.orange.test.LoginPageTest -->
    </test> <!-- orangedemoTests -->
  </suite> <!-- eCommerce_.com -->
</testng-results>
