<?xml version="1.0" encoding="UTF-8"?>
<!-- Generated by org.testng.reporters.JUnitXMLReporter -->
<testsuite hostname="Pegatest-4" ignored="0" name="ecommerce.redlionLogin" tests="10" failures="0" timestamp="2020-02-20T21:49:43 IST" time="0.157" errors="0">
  <testcase name="@BeforeClass setDriver" time="-1.582215582951E9" classname="com.ecommerce.redlion.helpers.BaseLibrary">
    <failure type="org.testng.TestNGException" message="
Parameter &amp;apos;url&amp;apos; is required by BeforeClass on method setDriver but has not been marked @Optional or defined
in D:\RLHCode2020\eCommerce_RLH\NonReservations_Test.xml">
      <![CDATA[org.testng.TestNGException: 
Parameter 'url' is required by BeforeClass on method setDriver but has not been marked @Optional or defined
in D:\RLHCode2020\eCommerce_RLH\NonReservations_Test.xml
at java.util.ArrayList.forEach(Unknown Source)
... Removed 22 stack frames]]>
    </failure>
  </testcase> <!-- @BeforeClass setDriver -->
  <testcase name="@AfterClass quitDriver" time="0.0" classname="com.ecommerce.redlion.helpers.BaseLibrary">
    <failure type="java.lang.NullPointerException">
      <![CDATA[java.lang.NullPointerException
at com.ecommerce.redlion.helpers.BaseLibrary.quitDriver(BaseLibrary.java:164)
at java.util.ArrayList.forEach(Unknown Source)
... Removed 25 stack frames]]>
    </failure>
  </testcase> <!-- @AfterClass quitDriver -->
  <testcase name="checkoutPagePintopDetailsValdation" time="0.0" classname="com.ecommerce.redlion.test.NonReservations">
    <skipped/>
  </testcase> <!-- checkoutPagePintopDetailsValdation -->
  <testcase name="checkoutPagePintopModifyButtonValdation" time="0.0" classname="com.ecommerce.redlion.test.NonReservations">
    <skipped/>
  </testcase> <!-- checkoutPagePintopModifyButtonValdation -->
  <testcase name="checkoutSkipThhisSectionValdation" time="0.0" classname="com.ecommerce.redlion.test.NonReservations">
    <skipped/>
  </testcase> <!-- checkoutSkipThhisSectionValdation -->
  <testcase name="checkoutAddAnotherRoomValdation" time="0.0" classname="com.ecommerce.redlion.test.NonReservations">
    <skipped/>
  </testcase> <!-- checkoutAddAnotherRoomValdation -->
  <testcase name="cardsDetailsValdation" time="0.0" classname="com.ecommerce.redlion.test.NonReservations">
    <skipped/>
  </testcase> <!-- cardsDetailsValdation -->
  <testcase name="optionsAndupdateRoomValdation" time="0.0" classname="com.ecommerce.redlion.test.NonReservations">
    <skipped/>
  </testcase> <!-- optionsAndupdateRoomValdation -->
  <testcase name="specialRequestFieldValdation" time="0.0" classname="com.ecommerce.redlion.test.NonReservations">
    <skipped/>
  </testcase> <!-- specialRequestFieldValdation -->
  <testcase name="promoCodeValdation" time="0.0" classname="com.ecommerce.redlion.test.NonReservations">
    <skipped/>
  </testcase> <!-- promoCodeValdation -->
  <testcase name="managePaymentsValdation" time="0.0" classname="com.ecommerce.redlion.test.NonReservations">
    <skipped/>
  </testcase> <!-- managePaymentsValdation -->
  <testcase name="creditCardsValdation" time="0.0" classname="com.ecommerce.redlion.test.NonReservations">
    <skipped/>
  </testcase> <!-- creditCardsValdation -->
</testsuite> <!-- ecommerce.redlionLogin -->
